2023-08-06 04:53:41.587006 - Initialized conversion of CBT497
2023-08-06 04:53:41.771841 - Received CBT.V505.FILE497.PDS from FILE497.XMI 
2023-08-06 04:53:41.774256 - Found $$$$$DOC.txt (text/plain) in CBT.V505.FILE497.PDS, moved to PDS/$$$$$DOC
2023-08-06 04:53:41.775221 - Found $$$#DATE.txt (text/plain) in CBT.V505.FILE497.PDS, moved to PDS/$$$#DATE
2023-08-06 04:53:41.776149 - Found $$NOTE.txt (text/plain) in CBT.V505.FILE497.PDS, moved to PDS/$$NOTE
2023-08-06 04:53:41.777044 - Found @FILE497.txt (text/plain) in CBT.V505.FILE497.PDS, moved to PDS/@FILE497
2023-08-06 04:53:41.778003 - Found BIDI.txt (text/plain) in CBT.V505.FILE497.PDS, moved to PDS/BIDI
2023-08-06 04:53:41.778894 - Found BIPA.txt (text/plain) in CBT.V505.FILE497.PDS, moved to PDS/BIPA
2023-08-06 04:53:41.779873 - Found CSVLJOBS.txt (text/plain) in CBT.V505.FILE497.PDS, moved to PDS/CSVLJOBS
2023-08-06 04:53:41.780783 - Found CSVLLACC.jcl (text/plain) in CBT.V505.FILE497.PDS, moved to PDS/CSVLLACC
2023-08-06 04:53:41.781644 - Found CSVLLACJ.jcl (text/plain) in CBT.V505.FILE497.PDS, moved to PDS/CSVLLACJ
2023-08-06 04:53:41.782572 - Found CSVLLACT.txt (text/plain) in CBT.V505.FILE497.PDS, moved to PDS/CSVLLACT
2023-08-06 04:53:41.783483 - Found CSVLLAL1.txt (text/plain) in CBT.V505.FILE497.PDS, moved to PDS/CSVLLAL1
2023-08-06 04:53:41.784337 - Found CSVLLAOF.txt (text/plain) in CBT.V505.FILE497.PDS, moved to PDS/CSVLLAOF
2023-08-06 04:53:41.785271 - Found CSVLLAON.txt (text/plain) in CBT.V505.FILE497.PDS, moved to PDS/CSVLLAON
2023-08-06 04:53:41.786219 - Found CSVLLDEA.txt (text/plain) in CBT.V505.FILE497.PDS, moved to PDS/CSVLLDEA
2023-08-06 04:53:41.787087 - Found CSVLLDEC.jcl (text/plain) in CBT.V505.FILE497.PDS, moved to PDS/CSVLLDEC
2023-08-06 04:53:41.787954 - Found CSVLLDEJ.jcl (text/plain) in CBT.V505.FILE497.PDS, moved to PDS/CSVLLDEJ
2023-08-06 04:53:41.788812 - Found CSVLLIXC.jcl (text/plain) in CBT.V505.FILE497.PDS, moved to PDS/CSVLLIXC
2023-08-06 04:53:41.789915 - Found CSVLLIX1.txt (text/plain) in CBT.V505.FILE497.PDS, moved to PDS/CSVLLIX1
2023-08-06 04:53:41.790796 - Found CSVLLLSC.jcl (text/plain) in CBT.V505.FILE497.PDS, moved to PDS/CSVLLLSC
2023-08-06 04:53:41.791730 - Found CSVLLLSJ.jcl (text/plain) in CBT.V505.FILE497.PDS, moved to PDS/CSVLLLSJ
2023-08-06 04:53:41.792695 - Found CSVLLLST.txt (text/plain) in CBT.V505.FILE497.PDS, moved to PDS/CSVLLLST
2023-08-06 04:53:41.793622 - Found CSVLL1XC.jcl (text/plain) in CBT.V505.FILE497.PDS, moved to PDS/CSVLL1XC
2023-08-06 04:53:41.794518 - Found CSVLL1XJ.jcl (text/plain) in CBT.V505.FILE497.PDS, moved to PDS/CSVLL1XJ
2023-08-06 04:53:41.795457 - Found CSVLL1X1.txt (text/plain) in CBT.V505.FILE497.PDS, moved to PDS/CSVLL1X1
2023-08-06 04:53:41.796390 - Found CSVLPGMS.txt (text/plain) in CBT.V505.FILE497.PDS, moved to PDS/CSVLPGMS
2023-08-06 04:53:41.797411 - Found CSVOUT.txt (text/plain) in CBT.V505.FILE497.PDS, moved to PDS/CSVOUT
2023-08-06 04:53:41.798375 - Found EXDI.txt (text/plain) in CBT.V505.FILE497.PDS, moved to PDS/EXDI
2023-08-06 04:53:41.799379 - Found J.jcl (text/plain) in CBT.V505.FILE497.PDS, moved to PDS/J
2023-08-06 04:53:41.800294 - Found OP.txt (text/plain) in CBT.V505.FILE497.PDS, moved to PDS/OP
2023-08-06 04:53:41.801250 - Found OPD.txt (text/plain) in CBT.V505.FILE497.PDS, moved to PDS/OPD
2023-08-06 04:53:41.802193 - Found PADI.txt (text/plain) in CBT.V505.FILE497.PDS, moved to PDS/PADI
2023-08-06 04:53:41.803176 - Found PARMEXEC.txt (text/plain) in CBT.V505.FILE497.PDS, moved to PDS/PARMEXEC
2023-08-06 04:53:41.804085 - Found RET.txt (text/plain) in CBT.V505.FILE497.PDS, moved to PDS/RET
2023-08-06 04:53:41.805017 - Found SETAD.txt (text/plain) in CBT.V505.FILE497.PDS, moved to PDS/SETAD
2023-08-06 04:53:41.805984 - Found SPLIT.txt (text/plain) in CBT.V505.FILE497.PDS, moved to PDS/SPLIT
2023-08-06 04:53:41.806854 - Found STBST.txt (text/plain) in CBT.V505.FILE497.PDS, moved to PDS/STBST
2023-08-06 04:53:41.807719 - Found STSTB.txt (text/plain) in CBT.V505.FILE497.PDS, moved to PDS/STSTB
2023-08-06 04:53:41.808543 - Found SYSGBL.txt (text/plain) in CBT.V505.FILE497.PDS, moved to PDS/SYSGBL
